\BOOKMARK [1][]{section.1}{\376\377\000W\000p\000r\000o\000w\000a\000d\000z\000e\000n\000i\000e}{}% 1
\BOOKMARK [2][]{subsection.1.1}{\376\377\000O\000\040\000p\000r\000o\000j\000e\000k\000c\000i\000e}{section.1}% 2
\BOOKMARK [2][]{subsection.1.2}{\376\377\000G\001\102\000\363\000w\000n\000e\000\040\000f\000u\000n\000k\000c\000j\000o\000n\000a\000l\000n\000o\001\133\000c\000i}{section.1}% 3
\BOOKMARK [2][]{subsection.1.3}{\376\377\000S\000c\000r\000e\000e\000n\000s\000h\000o\000t\000y\000\040\000a\000p\000l\000i\000k\000a\000c\000j\000i}{section.1}% 4
\BOOKMARK [1][]{section.2}{\376\377\000A\000r\000c\000h\000i\000t\000e\000k\000t\000u\000r\000a\000\040\000s\000y\000s\000t\000e\000m\000u}{}% 5
\BOOKMARK [2][]{subsection.2.1}{\376\377\000S\000t\000o\000s\000\040\000t\000e\000c\000h\000n\000o\000l\000o\000g\000i\000c\000z\000n\000y}{section.2}% 6
\BOOKMARK [2][]{subsection.2.2}{\376\377\000D\000i\000a\000g\000r\000a\000m\000\040\000a\000r\000c\000h\000i\000t\000e\000k\000t\000u\000r\000y}{section.2}% 7
\BOOKMARK [2][]{subsection.2.3}{\376\377\000P\000r\000z\000e\000p\001\102\000y\000w\000\040\000d\000a\000n\000y\000c\000h}{section.2}% 8
\BOOKMARK [1][]{section.3}{\376\377\000S\000t\000r\000u\000k\000t\000u\000r\000a\000\040\000p\000r\000o\000j\000e\000k\000t\000u}{}% 9
\BOOKMARK [2][]{subsection.3.1}{\376\377\000O\000r\000g\000a\000n\000i\000z\000a\000c\000j\000a\000\040\000k\000a\000t\000a\000l\000o\000g\000\363\000w}{section.3}% 10
\BOOKMARK [2][]{subsection.3.2}{\376\377\000W\000z\000o\000r\000z\000e\000c\000\040\000S\000e\000r\000v\000e\000r\000/\000C\000l\000i\000e\000n\000t\000\040\000C\000o\000m\000p\000o\000n\000e\000n\000t}{section.3}% 11
\BOOKMARK [1][]{section.4}{\376\377\000B\000a\000z\000a\000\040\000d\000a\000n\000y\000c\000h}{}% 12
\BOOKMARK [2][]{subsection.4.1}{\376\377\000S\000c\000h\000e\000m\000a\000t\000\040\000b\000a\000z\000y\000\040\000d\000a\000n\000y\000c\000h}{section.4}% 13
\BOOKMARK [3][]{subsubsection.4.1.1}{\376\377\000T\000y\000p\000y\000\040\000w\000y\000l\000i\000c\000z\000e\000n\000i\000o\000w\000e\000\040\000\050\000E\000N\000U\000M\000\051}{subsection.4.1}% 14
\BOOKMARK [3][]{subsubsection.4.1.2}{\376\377\000T\000a\000b\000e\000l\000a\000:\000\040\000b\000i\000l\000l\000s\000\040\000\050\000P\000r\000o\000j\000e\000k\000t\000y\000\040\000u\000s\000t\000a\000w\000\051}{subsection.4.1}% 15
\BOOKMARK [3][]{subsubsection.4.1.3}{\376\377\000T\000a\000b\000e\000l\000a\000:\000\040\000b\000i\000l\000l\000\137\000e\000v\000e\000n\000t\000s\000\040\000\050\000Z\000d\000a\000r\000z\000e\000n\000i\000a\000\040\000l\000e\000g\000i\000s\000l\000a\000c\000y\000j\000n\000e\000\051}{subsection.4.1}% 16
\BOOKMARK [3][]{subsubsection.4.1.4}{\376\377\000T\000a\000b\000e\000l\000a\000:\000\040\000p\000r\000o\000f\000i\000l\000e\000s\000\040\000\050\000P\000r\000o\000f\000i\000l\000e\000\040\000u\001\174\000y\000t\000k\000o\000w\000n\000i\000k\000\363\000w\000\051}{subsection.4.1}% 17
\BOOKMARK [3][]{subsubsection.4.1.5}{\376\377\000D\000o\000d\000a\000t\000k\000o\000w\000e\000\040\000t\000a\000b\000e\000l\000e}{subsection.4.1}% 18
\BOOKMARK [2][]{subsection.4.2}{\376\377\000P\000o\000l\000i\000t\000y\000k\000i\000\040\000R\000o\000w\000-\000L\000e\000v\000e\000l\000\040\000S\000e\000c\000u\000r\000i\000t\000y\000\040\000\050\000R\000L\000S\000\051}{section.4}% 19
\BOOKMARK [1][]{section.5}{\376\377\000I\000n\000t\000e\000g\000r\000a\000c\000j\000e\000\040\000A\000P\000I}{}% 20
\BOOKMARK [2][]{subsection.5.1}{\376\377\000A\000P\000I\000\040\000S\000e\000j\000m\000u\000\040\000R\000P}{section.5}% 21
\BOOKMARK [3][]{subsubsection.5.1.1}{\376\377\000A\000l\000g\000o\000r\000y\000t\000m\000\040\000m\000a\000p\000o\000w\000a\000n\000i\000a\000\040\000s\000t\000a\000t\000u\000s\000\363\000w}{subsection.5.1}% 22
\BOOKMARK [2][]{subsection.5.2}{\376\377\000G\000o\000o\000g\000l\000e\000\040\000G\000e\000m\000i\000n\000i\000\040\0002\000.\0000\000\040\000F\000l\000a\000s\000h\000\040\000\050\000A\000I\000\051}{section.5}% 23
\BOOKMARK [2][]{subsection.5.3}{\376\377\000Y\000o\000u\000T\000u\000b\000e\000\040\000L\000i\000v\000e\000\040\000D\000e\000t\000e\000c\000t\000i\000o\000n}{section.5}% 24
\BOOKMARK [2][]{subsection.5.4}{\376\377\000R\000e\000s\000e\000n\000d\000\040\000A\000P\000I\000\040\000\050\000E\000m\000a\000i\000l\000\051}{section.5}% 25
\BOOKMARK [1][]{section.6}{\376\377\000E\000n\000d\000p\000o\000i\000n\000t\000y\000\040\000A\000P\000I\000\040\000a\000p\000l\000i\000k\000a\000c\000j\000i}{}% 26
\BOOKMARK [2][]{subsection.6.1}{\376\377\000E\000n\000d\000p\000o\000i\000n\000t\000y\000\040\000p\000u\000b\000l\000i\000c\000z\000n\000e\000\040\000i\000\040\000u\001\174\000y\000t\000k\000o\000w\000n\000i\000k\000a}{section.6}% 27
\BOOKMARK [2][]{subsection.6.2}{\376\377\000E\000n\000d\000p\000o\000i\000n\000t\000y\000\040\000a\000d\000m\000i\000n\000i\000s\000t\000r\000a\000c\000y\000j\000n\000e}{section.6}% 28
\BOOKMARK [1][]{section.7}{\376\377\000S\000y\000s\000t\000e\000m\000\040\000u\000p\000r\000a\000w\000n\000i\000e\001\104\000\040\000i\000\040\000b\000e\000z\000p\000i\000e\000c\000z\000e\001\104\000s\000t\000w\000o}{}% 29
\BOOKMARK [2][]{subsection.7.1}{\376\377\000H\000i\000e\000r\000a\000r\000c\000h\000i\000a\000\040\000r\000\363\000l}{section.7}% 30
\BOOKMARK [2][]{subsection.7.2}{\376\377\000M\000e\000c\000h\000a\000n\000i\000z\000m\000y\000\040\000b\000e\000z\000p\000i\000e\000c\000z\000e\001\104\000s\000t\000w\000a}{section.7}% 31
\BOOKMARK [1][]{section.8}{\376\377\000S\000t\000r\000o\000n\000y\000\040\000i\000\040\000k\000l\000u\000c\000z\000o\000w\000e\000\040\000f\000u\000n\000k\000c\000j\000o\000n\000a\000l\000n\000o\001\133\000c\000i}{}% 32
\BOOKMARK [2][]{subsection.8.1}{\376\377\000S\000t\000r\000o\000n\000a\000\040\000g\001\102\000\363\000w\000n\000a\000\040\000\050\000L\000a\000n\000d\000i\000n\000g\000\040\000P\000a\000g\000e\000\051}{section.8}% 33
\BOOKMARK [2][]{subsection.8.2}{\376\377\000P\000a\000n\000e\000l\000\040\000g\001\102\000\363\000w\000n\000y\000\040\000\050\000D\000a\000s\000h\000b\000o\000a\000r\000d\000\051}{section.8}% 34
\BOOKMARK [2][]{subsection.8.3}{\376\377\000L\000i\000s\000t\000a\000\040\000p\000r\000o\000j\000e\000k\000t\000\363\000w\000\040\000u\000s\000t\000a\000w}{section.8}% 35
\BOOKMARK [2][]{subsection.8.4}{\376\377\000S\000z\000c\000z\000e\000g\000\363\001\102\000y\000\040\000p\000r\000o\000j\000e\000k\000t\000u\000\040\000u\000s\000t\000a\000w\000y}{section.8}% 36
\BOOKMARK [2][]{subsection.8.5}{\376\377\000W\000y\000s\000z\000u\000k\000i\000w\000a\000r\000k\000a\000\040\000A\000I}{section.8}% 37
\BOOKMARK [2][]{subsection.8.6}{\376\377\000K\000a\000l\000e\000n\000d\000a\000r\000z\000\040\000l\000e\000g\000i\000s\000l\000a\000c\000y\000j\000n\000y}{section.8}% 38
\BOOKMARK [2][]{subsection.8.7}{\376\377\000K\000o\000n\000s\000u\000l\000t\000a\000c\000j\000e\000\040\000p\000u\000b\000l\000i\000c\000z\000n\000e}{section.8}% 39
\BOOKMARK [2][]{subsection.8.8}{\376\377\000P\000a\000n\000e\000l\000\040\000a\000d\000m\000i\000n\000i\000s\000t\000r\000a\000c\000y\000j\000n\000y}{section.8}% 40
\BOOKMARK [1][]{section.9}{\376\377\000D\000o\000s\000t\001\031\000p\000n\000o\001\133\001\007\000\040\000\050\000W\000C\000A\000G\000\051\000\040\000i\000\040\000U\000X}{}% 41
\BOOKMARK [2][]{subsection.9.1}{\376\377\000T\000r\000y\000b\000y\000\040\000d\000o\000s\000t\001\031\000p\000n\000o\001\133\000c\000i}{section.9}% 42
\BOOKMARK [2][]{subsection.9.2}{\376\377\000R\000e\000s\000p\000o\000n\000s\000y\000w\000n\000o\001\133\001\007}{section.9}% 43
\BOOKMARK [2][]{subsection.9.3}{\376\377\000J\001\031\000z\000y\000k\000\040\000i\000n\000t\000e\000r\000f\000e\000j\000s\000u}{section.9}% 44
\BOOKMARK [1][]{section.10}{\376\377\000W\000i\000z\000u\000a\000l\000i\000z\000a\000c\000j\000a\000\040\001\133\000c\000i\000e\001\174\000k\000i\000\040\000l\000e\000g\000i\000s\000l\000a\000c\000y\000j\000n\000e\000j}{}% 45
\BOOKMARK [2][]{subsection.10.1}{\376\377\0001\0003\000\040\000s\000t\000a\000t\000u\000s\000\363\000w\000\040\000p\000r\000o\000j\000e\000k\000t\000u\000\040\000u\000s\000t\000a\000w\000y}{section.10}% 46
\BOOKMARK [2][]{subsection.10.2}{\376\377\000E\000t\000a\000p\000y\000\040\000w\000\040\000s\000z\000c\000z\000e\000g\000\363\001\102\000a\000c\000h}{section.10}% 47
\BOOKMARK [1][]{section.11}{\376\377\000S\000y\000s\000t\000e\000m\000\040\000A\000I\000\040\000i\000\040\000b\000a\000z\000a\000\040\000w\000i\000e\000d\000z\000y}{}% 48
\BOOKMARK [2][]{subsection.11.1}{\376\377\000A\000r\000c\000h\000i\000t\000e\000k\000t\000u\000r\000a\000\040\000A\000I}{section.11}% 49
\BOOKMARK [2][]{subsection.11.2}{\376\377\0004\000\040\000t\000r\000y\000b\000y\000\040\000a\000n\000a\000l\000i\000z\000y\000\040\000t\000e\000k\000s\000t\000u}{section.11}% 50
\BOOKMARK [2][]{subsection.11.3}{\376\377\000A\000s\000y\000s\000t\000e\000n\000t\000\040\000k\000o\000n\000w\000e\000r\000s\000a\000c\000y\000j\000n\000y}{section.11}% 51
\BOOKMARK [2][]{subsection.11.4}{\376\377\000B\000a\000z\000a\000\040\000w\000i\000e\000d\000z\000y\000\040\000R\000A\000G}{section.11}% 52
\BOOKMARK [1][]{section.12}{\376\377\000K\000o\000m\000p\000o\000n\000e\000n\000t\000y\000\040\000i\000n\000t\000e\000r\000f\000e\000j\000s\000u\000\040\000u\001\174\000y\000t\000k\000o\000w\000n\000i\000k\000a}{}% 53
\BOOKMARK [2][]{subsection.12.1}{\376\377\000B\000i\000b\000l\000i\000o\000t\000e\000k\000a\000\040\000k\000o\000m\000p\000o\000n\000e\000n\000t\000\363\000w\000\040\000S\000h\000a\000d\000C\000N\000/\000R\000a\000d\000i\000x}{section.12}% 54
\BOOKMARK [2][]{subsection.12.2}{\376\377\000K\000o\000m\000p\000o\000n\000e\000n\000t\000y\000\040\000d\000o\000m\000e\000n\000o\000w\000e\000\040\040\024\000\040\000p\000r\000o\000j\000e\000k\000t\000y\000\040\000u\000s\000t\000a\000w}{section.12}% 55
\BOOKMARK [2][]{subsection.12.3}{\376\377\000L\000a\000y\000o\000u\000t\000\040\000i\000\040\000n\000a\000w\000i\000g\000a\000c\000j\000a}{section.12}% 56
\BOOKMARK [1][]{section.13}{\376\377\000K\000o\000n\000f\000i\000g\000u\000r\000a\000c\000j\000a\000\040\000i\000\040\000w\000d\000r\000o\001\174\000e\000n\000i\000e}{}% 57
\BOOKMARK [2][]{subsection.13.1}{\376\377\000Z\000m\000i\000e\000n\000n\000e\000\040\001\133\000r\000o\000d\000o\000w\000i\000s\000k\000o\000w\000e}{section.13}% 58
\BOOKMARK [2][]{subsection.13.2}{\376\377\000K\000o\000m\000e\000n\000d\000y\000\040\000d\000e\000w\000e\000l\000o\000p\000e\000r\000s\000k\000i\000e}{section.13}% 59
\BOOKMARK [2][]{subsection.13.3}{\376\377\000K\000o\000n\000f\000i\000g\000u\000r\000a\000c\000j\000a\000\040\000N\000e\000x\000t\000.\000j\000s}{section.13}% 60
\BOOKMARK [2][]{subsection.13.4}{\376\377\000K\000o\000n\000f\000i\000g\000u\000r\000a\000c\000j\000a\000\040\000T\000y\000p\000e\000S\000c\000r\000i\000p\000t}{section.13}% 61
\BOOKMARK [2][]{subsection.13.5}{\376\377\000W\000d\000r\000o\001\174\000e\000n\000i\000e\000\040\000p\000r\000o\000d\000u\000k\000c\000y\000j\000n\000e}{section.13}% 62
\BOOKMARK [1][]{section.14}{\376\377\000P\000o\000d\000s\000u\000m\000o\000w\000a\000n\000i\000e}{}% 63
\BOOKMARK [2][]{subsection.14.1}{\376\377\000S\000t\000a\000t\000y\000s\000t\000y\000k\000i\000\040\000p\000r\000o\000j\000e\000k\000t\000u}{section.14}% 64
\BOOKMARK [2][]{subsection.14.2}{\376\377\000K\000l\000u\000c\000z\000o\000w\000e\000\040\000o\000s\000i\001\005\000g\000n\000i\001\031\000c\000i\000a}{section.14}% 65
